commit 4b4252e81797657a66e2444b7b0c0d4d6f7000e2
Author: Luna DANA <ldana1@teaching.CS.McGill.CA>
Date:   Mon Nov 25 11:57:47 2019 -0500

    commented ssv.c

commit f79f8db35af348a0f456e50644ac0790df138874
Author: Luna DANA <ldana1@teaching.CS.McGill.CA>
Date:   Mon Nov 25 11:57:03 2019 -0500

    another comment

commit 690da42d4299527b18a3d835adfef27346d82a9b
Author: Luna DANA <ldana1@teaching.CS.McGill.CA>
Date:   Mon Nov 25 11:54:15 2019 -0500

    add a comment

commit e30d832b3f3b7b7c3671bfe1ad6faac8edd3e99c
Author: Luna DANA <ldana1@teaching.CS.McGill.CA>
Date:   Mon Nov 25 11:49:52 2019 -0500

    modified findUpdate

commit de0bcb3b59bc9ea06bb5872126cb4c5ca0752a0a
Author: Luna DANA <ldana1@teaching.CS.McGill.CA>
Date:   Mon Nov 25 11:48:51 2019 -0500

    creation of all the files